info it worked if it ends with ok
verbose cli [ 'node', '/usr/bin/npm', 'install' ]
info using npm@1.1.4
info using node@v0.6.12
verbose config file /home/vagrant/.npmrc
verbose config file /usr/etc/npmrc
verbose config file /usr/share/npm/npmrc
verbose caching /home/vagrant/simplepaas/platform_images/gns/package.json
verbose loadDefaults sp_registry@0.0.1
verbose readDependencies: using package.json deps
verbose where, deps [ '/home/vagrant/simplepaas/platform_images/gns',
verbose where, deps   [ 'underscore',
verbose where, deps     'superagent',
verbose where, deps     'assert',
verbose where, deps     'restify',
verbose where, deps     'validator',
verbose where, deps     'mocha' ] ]
verbose from cache /home/vagrant/simplepaas/platform_images/gns/package.json
info preinstall sp_registry@0.0.1
verbose from cache /home/vagrant/simplepaas/platform_images/gns/package.json
verbose readDependencies: using package.json deps
verbose cache add [ 'underscore@*', null ]
silly cache add: name, spec, args [ undefined, 'underscore@*', [ 'underscore@*', null ] ]
verbose parsed url { pathname: 'underscore@*',
verbose parsed url   path: 'underscore@*',
verbose parsed url   href: 'underscore@*' }
silly cache add: name, spec, args [ 'underscore', '*', [ 'underscore', '*' ] ]
verbose parsed url { pathname: '*', path: '*', href: '*' }
verbose addNamed [ 'underscore', '*' ]
verbose addNamed [ null, '' ]
silly name, range, hasData [ 'underscore', '', false ]
verbose cache add [ 'superagent@*', null ]
silly cache add: name, spec, args [ undefined, 'superagent@*', [ 'superagent@*', null ] ]
verbose parsed url { pathname: 'superagent@*',
verbose parsed url   path: 'superagent@*',
verbose parsed url   href: 'superagent@*' }
silly cache add: name, spec, args [ 'superagent', '*', [ 'superagent', '*' ] ]
verbose parsed url { pathname: '*', path: '*', href: '*' }
verbose addNamed [ 'superagent', '*' ]
verbose addNamed [ null, '' ]
silly name, range, hasData [ 'superagent', '', false ]
verbose cache add [ 'assert@*', null ]
silly cache add: name, spec, args [ undefined, 'assert@*', [ 'assert@*', null ] ]
verbose parsed url { pathname: 'assert@*', path: 'assert@*', href: 'assert@*' }
silly cache add: name, spec, args [ 'assert', '*', [ 'assert', '*' ] ]
verbose parsed url { pathname: '*', path: '*', href: '*' }
verbose addNamed [ 'assert', '*' ]
verbose addNamed [ null, '' ]
silly name, range, hasData [ 'assert', '', false ]
verbose cache add [ 'restify@*', null ]
silly cache add: name, spec, args [ undefined, 'restify@*', [ 'restify@*', null ] ]
verbose parsed url { pathname: 'restify@*', path: 'restify@*', href: 'restify@*' }
silly cache add: name, spec, args [ 'restify', '*', [ 'restify', '*' ] ]
verbose parsed url { pathname: '*', path: '*', href: '*' }
verbose addNamed [ 'restify', '*' ]
verbose addNamed [ null, '' ]
silly name, range, hasData [ 'restify', '', false ]
verbose cache add [ 'validator@*', null ]
silly cache add: name, spec, args [ undefined, 'validator@*', [ 'validator@*', null ] ]
verbose parsed url { pathname: 'validator@*',
verbose parsed url   path: 'validator@*',
verbose parsed url   href: 'validator@*' }
silly cache add: name, spec, args [ 'validator', '*', [ 'validator', '*' ] ]
verbose parsed url { pathname: '*', path: '*', href: '*' }
verbose addNamed [ 'validator', '*' ]
verbose addNamed [ null, '' ]
silly name, range, hasData [ 'validator', '', false ]
verbose cache add [ 'mocha@*', null ]
silly cache add: name, spec, args [ undefined, 'mocha@*', [ 'mocha@*', null ] ]
verbose parsed url { pathname: 'mocha@*', path: 'mocha@*', href: 'mocha@*' }
silly cache add: name, spec, args [ 'mocha', '*', [ 'mocha', '*' ] ]
verbose parsed url { pathname: '*', path: '*', href: '*' }
verbose addNamed [ 'mocha', '*' ]
verbose addNamed [ null, '' ]
silly name, range, hasData [ 'mocha', '', false ]
verbose raw, before any munging validator
verbose url resolving [ 'https://registry.npmjs.org/', './validator' ]
verbose url resolved https://registry.npmjs.org/validator
http GET https://registry.npmjs.org/validator
verbose raw, before any munging underscore
verbose url resolving [ 'https://registry.npmjs.org/', './underscore' ]
verbose url resolved https://registry.npmjs.org/underscore
verbose etag "DVVUXRLPGVQK4238GUFQ6W725"
http GET https://registry.npmjs.org/underscore
verbose raw, before any munging assert
verbose url resolving [ 'https://registry.npmjs.org/', './assert' ]
verbose url resolved https://registry.npmjs.org/assert
verbose etag "577TNPDLJXD517FKVCQO5HHFY"
http GET https://registry.npmjs.org/assert
verbose raw, before any munging superagent
verbose url resolving [ 'https://registry.npmjs.org/', './superagent' ]
verbose url resolved https://registry.npmjs.org/superagent
verbose etag "9AX2E81YWQ50MOQLQH2CB457Q"
http GET https://registry.npmjs.org/superagent
verbose raw, before any munging restify
verbose url resolving [ 'https://registry.npmjs.org/', './restify' ]
verbose url resolved https://registry.npmjs.org/restify
verbose etag "5WR39WOJ34O0TTR0NE3UH1NTL"
http GET https://registry.npmjs.org/restify
verbose raw, before any munging mocha
verbose url resolving [ 'https://registry.npmjs.org/', './mocha' ]
verbose url resolved https://registry.npmjs.org/mocha
verbose etag "4CJSSHBU2QZWHGH3QP7C7UQT5"
http GET https://registry.npmjs.org/mocha
silly get cb [ 304, undefined ]
verbose etag underscore from cache
silly name, range, hasData 2 [ 'underscore', '', true ]
silly versions [ 'underscore',
silly versions   [ '1.0.3',
silly versions     '1.0.4',
silly versions     '1.1.0',
silly versions     '1.1.1',
silly versions     '1.1.2',
silly versions     '1.1.3',
silly versions     '1.1.4',
silly versions     '1.1.5',
silly versions     '1.1.6',
silly versions     '1.1.7',
silly versions     '1.2.0',
silly versions     '1.2.1',
silly versions     '1.2.2',
silly versions     '1.2.3',
silly versions     '1.2.4',
silly versions     '1.3.0',
silly versions     '1.3.1',
silly versions     '1.3.2',
silly versions     '1.3.3',
silly versions     '1.4.0',
silly versions     '1.4.1',
silly versions     '1.4.2',
silly versions     '1.4.3',
silly versions     '1.4.4',
silly versions     '1.5.0',
silly versions     '1.5.1',
silly versions     '1.5.2',
silly versions     '1.6.0' ] ]
verbose bin dist [ '0.6-ares1.7.5-evundefined-openssl1.0.1-v83.7.12.22-linux-x64-3.8.0-38-generic',
verbose bin dist   { shasum: '8b38b10cacdef63337b8b24e4ff86d45aea529a8',
verbose bin dist     tarball: 'http://registry.npmjs.org/underscore/-/underscore-1.6.0.tgz' } ]
verbose caching /home/vagrant/.npm/underscore/1.6.0/package/package.json
verbose loadDefaults underscore@1.6.0
silly get cb [ 304, undefined ]
verbose etag restify from cache
silly name, range, hasData 2 [ 'restify', '', true ]
silly versions [ 'restify',
silly versions   [ '0.1.0',
silly versions     '0.1.1',
silly versions     '0.1.2',
silly versions     '0.1.4',
silly versions     '0.1.5',
silly versions     '0.1.6',
silly versions     '0.1.7',
silly versions     '0.1.8',
silly versions     '0.1.9',
silly versions     '0.1.10',
silly versions     '0.1.11',
silly versions     '0.1.12',
silly versions     '0.1.13',
silly versions     '0.1.14',
silly versions     '0.1.15',
silly versions     '0.1.16',
silly versions     '0.1.17',
silly versions     '0.1.18',
silly versions     '0.1.19',
silly versions     '0.1.20',
silly versions     '0.1.21',
silly versions     '0.1.22',
silly versions     '0.1.23',
silly versions     '0.2.0',
silly versions     '0.2.1',
silly versions     '0.2.2',
silly versions     '0.2.3',
silly versions     '0.2.4',
silly versions     '0.2.5',
silly versions     '0.2.6',
silly versions     '0.2.7',
silly versions     '0.2.8',
silly versions     '0.2.9',
silly versions     '0.2.10',
silly versions     '0.2.11',
silly versions     '0.2.12',
silly versions     '0.2.13',
silly versions     '0.3.0',
silly versions     '0.3.1',
silly versions     '0.3.2-pre1',
silly versions     '0.3.2',
silly versions     '0.3.3',
silly versions     '0.3.4',
silly versions     '0.3.5',
silly versions     '0.3.6',
silly versions     '0.4.0',
silly versions     '0.4.1',
silly versions     '0.4.2',
silly versions     '0.4.3',
silly versions     '0.4.4',
silly versions     '0.5.0',
silly versions     '0.5.1',
silly versions     '0.5.3',
silly versions     '0.5.4',
silly versions     '0.5.5',
silly versions     '0.5.6',
silly versions     '1.0.0-1-rc',
silly versions     '1.0.0-1-rc2',
silly versions     '0.5.7',
silly versions     '1.0.0',
silly versions     '1.0.1',
silly versions     '1.1.0',
silly versions     '1.1.1',
silly versions     '1.2.0',
silly versions     '1.3.0',
silly versions     '1.4.0',
silly versions     '1.4.1',
silly versions     '1.4.2',
silly versions     '1.4.3',
silly versions     '1.4.4' ] ]
verbose bin dist [ '0.6-ares1.7.5-evundefined-openssl1.0.1-v83.7.12.22-linux-x64-3.8.0-38-generic',
verbose bin dist   { shasum: 'a4b92e88cc4228a2dc720ae6cec137bd7dbed61c',
verbose bin dist     tarball: 'http://registry.npmjs.org/restify/-/restify-1.4.4.tgz' } ]
verbose addRemoteTarball [ 'https://registry.npmjs.org/restify/-/restify-1.4.4.tgz',
verbose addRemoteTarball   'a4b92e88cc4228a2dc720ae6cec137bd7dbed61c' ]
verbose mkdir (expected) error ENOENT, no such file or directory '/tmp/npm-1397265276422'
verbose mkdir (expected) error ENOENT, no such file or directory '/tmp/npm-1397265276422/1397265276423-0.5039519539568573'
verbose mkdir done: /tmp/npm-1397265276422/1397265276423-0.5039519539568573 755
verbose fetch to /tmp/npm-1397265276422/1397265276423-0.5039519539568573/tmp.tgz
http GET https://registry.npmjs.org/restify/-/restify-1.4.4.tgz
silly get cb [ 304, undefined ]
verbose etag mocha from cache
silly name, range, hasData 2 [ 'mocha', '', true ]
silly versions [ 'mocha',
silly versions   [ '0.0.1-alpha1',
silly versions     '0.0.1-alpha2',
silly versions     '0.0.1-alpha3',
silly versions     '0.0.1-alpha4',
silly versions     '0.0.1-alpha5',
silly versions     '0.0.1-alpha6',
silly versions     '0.0.1',
silly versions     '0.0.2',
silly versions     '0.0.3',
silly versions     '0.0.4',
silly versions     '0.0.5',
silly versions     '0.0.6',
silly versions     '0.0.7',
silly versions     '0.0.8',
silly versions     '0.1.0',
silly versions     '0.2.0',
silly versions     '0.3.0',
silly versions     '0.3.1',
silly versions     '0.3.2',
silly versions     '0.3.3',
silly versions     '0.3.4',
silly versions     '0.3.6',
silly versions     '0.4.0',
silly versions     '0.5.0',
silly versions     '0.6.0',
silly versions     '0.7.0',
silly versions     '0.7.1',
silly versions     '0.8.0',
silly versions     '0.8.1',
silly versions     '0.9.0',
silly versions     '0.10.0',
silly versions     '0.10.1',
silly versions     '0.10.2',
silly versions     '0.11.0',
silly versions     '0.12.0',
silly versions     '0.12.1',
silly versions     '0.13.0',
silly versions     '0.14.0',
silly versions     '0.14.1',
silly versions     '1.0.0',
silly versions     '1.0.1',
silly versions     '1.0.2',
silly versions     '1.0.3',
silly versions     '1.1.0',
silly versions     '1.2.0',
silly versions     '1.2.1',
silly versions     '1.2.2',
silly versions     '1.3.0',
silly versions     '1.3.1',
silly versions     '1.3.2',
silly versions     '1.4.0',
silly versions     '1.4.1',
silly versions     '1.4.2',
silly versions     '1.4.3',
silly versions     '1.5.0',
silly versions     '1.6.0',
silly versions     '1.7.0',
silly versions     '1.7.1',
silly versions     '1.7.2',
silly versions     '1.7.3',
silly versions     '1.7.4',
silly versions     '1.8.0',
silly versions     '1.8.1',
silly versions     '1.8.2',
silly versions     '1.9.0',
silly versions     '1.10.0',
silly versions     '1.11.0',
silly versions     '1.12.0',
silly versions     '1.12.1',
silly versions     '1.13.0',
silly versions     '1.14.0',
silly versions     '1.15.0',
silly versions     '1.15.1',
silly versions     '1.16.0',
silly versions     '1.16.1',
silly versions     '1.16.2',
silly versions     '1.17.0',
silly versions     '1.17.1',
silly versions     '1.18.0',
silly versions     '1.18.1',
silly versions     '1.18.2' ] ]
verbose bin dist [ '0.6-ares1.7.5-evundefined-openssl1.0.1-v83.7.12.22-linux-x64-3.8.0-38-generic',
verbose bin dist   { shasum: '800848f8f7884c61eefcfa2a27304ba9e5446d0b',
verbose bin dist     tarball: 'http://registry.npmjs.org/mocha/-/mocha-1.18.2.tgz' } ]
verbose caching /home/vagrant/.npm/mocha/1.18.2/package/package.json
verbose loadDefaults mocha@1.18.2
ERR! failed to fetch https://registry.npmjs.org/restify/-/restify-1.4.4.tgz
ERR! Error: SSL Error: SELF_SIGNED_CERT_IN_CHAIN
ERR!     at ClientRequest.<anonymous> (/usr/lib/nodejs/request/main.js:412:26)
ERR!     at ClientRequest.emit (events.js:67:17)
ERR!     at HTTPParser.onIncoming (http.js:1261:11)
ERR!     at HTTPParser.onHeadersComplete (http.js:102:31)
ERR!     at CleartextStream.ondata (http.js:1150:24)
ERR!     at CleartextStream._push (tls.js:375:27)
ERR!     at SecurePair.cycle (tls.js:734:20)
ERR!     at EncryptedStream.write (tls.js:130:13)
ERR!     at Socket.ondata (stream.js:38:26)
ERR!     at Socket.emit (events.js:67:17)
ERR! You may report this log at:
ERR!     <http://bugs.debian.org/npm>
ERR! or use
ERR!     reportbug --attach /home/vagrant/simplepaas/platform_images/gns/npm-debug.log npm
ERR! 
ERR! System Linux 3.8.0-38-generic
ERR! command "node" "/usr/bin/npm" "install"
ERR! cwd /home/vagrant/simplepaas/platform_images/gns
ERR! node -v v0.6.12
ERR! npm -v 1.1.4
ERR! message SSL Error: SELF_SIGNED_CERT_IN_CHAIN
verbose exit [ 1, true ]
